Determining if the pthread_create exist failed with the following output:
Change Dir: /home/dkleiven/Documents/OptiX/Waveguide/core/src/CMakeFiles/CMakeTmp

Run Build Command:"/bin/gmake" "cmTC_19ef3/fast"
/bin/gmake -f CMakeFiles/cmTC_19ef3.dir/build.make CMakeFiles/cmTC_19ef3.dir/build
gmake[1]: Entering directory '/home/dkleiven/Documents/OptiX/Waveguide/core/src/CMakeFiles/CMakeTmp'
Building C object CMakeFiles/cmTC_19ef3.dir/CheckSymbolExists.c.o
/bin/cc     -o CMakeFiles/cmTC_19ef3.dir/CheckSymbolExists.c.o   -c /home/dkleiven/Documents/OptiX/Waveguide/core/src/CMakeFiles/CMakeTmp/CheckSymbolExists.c
Linking C executable cmTC_19ef3
/usr/bin/cmake -E cmake_link_script CMakeFiles/cmTC_19ef3.dir/link.txt --verbose=1
/bin/cc       CMakeFiles/cmTC_19ef3.dir/CheckSymbolExists.c.o  -o cmTC_19ef3 -rdynamic 
CMakeFiles/cmTC_19ef3.dir/CheckSymbolExists.c.o: In function `main':
CheckSymbolExists.c:(.text+0x16): undefined reference to `pthread_create'
collect2: error: ld returned 1 exit status
CMakeFiles/cmTC_19ef3.dir/build.make:97: recipe for target 'cmTC_19ef3' failed
gmake[1]: *** [cmTC_19ef3] Error 1
gmake[1]: Leaving directory '/home/dkleiven/Documents/OptiX/Waveguide/core/src/CMakeFiles/CMakeTmp'
Makefile:126: recipe for target 'cmTC_19ef3/fast' failed
gmake: *** [cmTC_19ef3/fast] Error 2

File /home/dkleiven/Documents/OptiX/Waveguide/core/src/CMakeFiles/CMakeTmp/CheckSymbolExists.c:
/* */
#include <pthread.h>

int main(int argc, char** argv)
{
  (void)argv;
#ifndef pthread_create
  return ((int*)(&pthread_create))[argc];
#else
  (void)argc;
  return 0;
#endif
}

Determining if the function pthread_create exists in the pthreads failed with the following output:
Change Dir: /home/dkleiven/Documents/OptiX/Waveguide/core/src/CMakeFiles/CMakeTmp

Run Build Command:"/bin/gmake" "cmTC_3284b/fast"
/bin/gmake -f CMakeFiles/cmTC_3284b.dir/build.make CMakeFiles/cmTC_3284b.dir/build
gmake[1]: Entering directory '/home/dkleiven/Documents/OptiX/Waveguide/core/src/CMakeFiles/CMakeTmp'
Building C object CMakeFiles/cmTC_3284b.dir/CheckFunctionExists.c.o
/bin/cc    -DCHECK_FUNCTION_EXISTS=pthread_create   -o CMakeFiles/cmTC_3284b.dir/CheckFunctionExists.c.o   -c /usr/share/cmake/Modules/CheckFunctionExists.c
Linking C executable cmTC_3284b
/usr/bin/cmake -E cmake_link_script CMakeFiles/cmTC_3284b.dir/link.txt --verbose=1
/bin/cc   -DCHECK_FUNCTION_EXISTS=pthread_create    CMakeFiles/cmTC_3284b.dir/CheckFunctionExists.c.o  -o cmTC_3284b -rdynamic -lpthreads 
/bin/ld: cannot find -lpthreads
collect2: error: ld returned 1 exit status
CMakeFiles/cmTC_3284b.dir/build.make:97: recipe for target 'cmTC_3284b' failed
gmake[1]: *** [cmTC_3284b] Error 1
gmake[1]: Leaving directory '/home/dkleiven/Documents/OptiX/Waveguide/core/src/CMakeFiles/CMakeTmp'
Makefile:126: recipe for target 'cmTC_3284b/fast' failed
gmake: *** [cmTC_3284b/fast] Error 2


